# Do not edit -- this file documents how Postfix was built for your machine.
#----------------------------------------------------------------
# Start of summary of user-configurable 'make makefiles' options.
# CCARGS=-DNO_NETINFO 		 -DUSE_TLS -I/AppleInternal/Library/BuildRoots/a0876c02-1788-11ed-b9c4-96898e02b808/Applications/Xcode.app/Contents/Developer/Platforms/MacOSX.platform/Developer/SDKs/MacOSX12.6.Internal.sdk/usr/local/libressl/include 		 -L/AppleInternal/Library/BuildRoots/a0876c02-1788-11ed-b9c4-96898e02b808/Applications/Xcode.app/Contents/Developer/Platforms/MacOSX.platform/Developer/SDKs/MacOSX12.6.Internal.sdk/usr/local/libressl/lib 		 -DUSE_CYRUS_SASL -DUSE_SASL_AUTH -I/AppleInternal/Library/BuildRoots/a0876c02-1788-11ed-b9c4-96898e02b808/Applications/Xcode.app/Contents/Developer/Platforms/MacOSX.platform/Developer/SDKs/MacOSX12.6.Internal.sdk/usr/include/sasl 		 -DEVENTS_STYLE=EVENTS_STYLE_KQUEUE 		 -DHAS_DEV_URANDOM -DUSE_SYSV_POLL -DHAS_PCRE -DHAS_LDAP 		 -F/AppleInternal/Library/BuildRoots/a0876c02-1788-11ed-b9c4-96898e02b808/Applications/Xcode.app/Contents/Developer/Platforms/MacOSX.platform/Developer/SDKs/MacOSX12.6.Internal.sdk/System/Library/Frameworks 		 -F/AppleInternal/Library/BuildRoots/a0876c02-1788-11ed-b9c4-96898e02b808/Applications/Xcode.app/Contents/Developer/Platforms/MacOSX.platform/Developer/SDKs/MacOSX12.6.Internal.sdk/System/Library/PrivateFrameworks 		 -arch arm64e -arch x86_64 -pipe -Wall -Wno-comment -Wformat -Wimplicit -Wmissing-prototypes -Wparentheses -Wstrict-prototypes -Wswitch -Wuninitialized -Wunused -Wno-missing-braces -Wno-deprecated
# AUXLIBS=-lssl -lcrypto -lpcre -lsasl2.2.0.1 -lgssapi_krb5 -lldap -licucore
# shared=
# dynamicmaps=
# pie=
# End of summary of user-configurable 'make makefiles' options.
#--------------------------------------------------------------
# System-dependent settings and compiler/linker overrides.
SYSTYPE	= MACOSX
_AR	= ar
ARFL	= rv
_RANLIB	= ranlib
SYSLIBS	= -lssl -lcrypto -lpcre -lsasl2.2.0.1 -lgssapi_krb5 -lldap -licucore -flat_namespace -lresolv -lpthread -lm -licucore 
CC	= /AppleInternal/Library/BuildRoots/a0876c02-1788-11ed-b9c4-96898e02b808/Applications/Xcode.app/Contents/Developer/Toolchains/OSX12.6.xctoolchain/usr/bin/cc -I. -I../../include -DNO_NETINFO 		 -DUSE_TLS -I/AppleInternal/Library/BuildRoots/a0876c02-1788-11ed-b9c4-96898e02b808/Applications/Xcode.app/Contents/Developer/Platforms/MacOSX.platform/Developer/SDKs/MacOSX12.6.Internal.sdk/usr/local/libressl/include 		 -L/AppleInternal/Library/BuildRoots/a0876c02-1788-11ed-b9c4-96898e02b808/Applications/Xcode.app/Contents/Developer/Platforms/MacOSX.platform/Developer/SDKs/MacOSX12.6.Internal.sdk/usr/local/libressl/lib 		 -DUSE_CYRUS_SASL -DUSE_SASL_AUTH -I/AppleInternal/Library/BuildRoots/a0876c02-1788-11ed-b9c4-96898e02b808/Applications/Xcode.app/Contents/Developer/Platforms/MacOSX.platform/Developer/SDKs/MacOSX12.6.Internal.sdk/usr/include/sasl 		 -DEVENTS_STYLE=EVENTS_STYLE_KQUEUE 		 -DHAS_DEV_URANDOM -DUSE_SYSV_POLL -DHAS_PCRE -DHAS_LDAP 		 -F/AppleInternal/Library/BuildRoots/a0876c02-1788-11ed-b9c4-96898e02b808/Applications/Xcode.app/Contents/Developer/Platforms/MacOSX.platform/Developer/SDKs/MacOSX12.6.Internal.sdk/System/Library/Frameworks 		 -F/AppleInternal/Library/BuildRoots/a0876c02-1788-11ed-b9c4-96898e02b808/Applications/Xcode.app/Contents/Developer/Platforms/MacOSX.platform/Developer/SDKs/MacOSX12.6.Internal.sdk/System/Library/PrivateFrameworks 		 -arch arm64e -arch x86_64 -pipe -Wall -Wno-comment -Wformat -Wimplicit -Wmissing-prototypes -Wparentheses -Wstrict-prototypes -Wswitch -Wuninitialized -Wunused -Wno-missing-braces -Wno-deprecated -DBIND_8_COMPAT -DNO_NETINFO -DRESOLVE_H_NEEDS_ARPA_NAMESER_COMPAT_H -I/usr/local/include -DHAS_DEV_URANDOM -UUSE_DYNAMIC_LIBS -DDEF_SHLIB_DIR=\"no\" -UUSE_DYNAMIC_MAPS $(WARN)
OPT	= -g -Os
DEBUG	= -g
AWK	= awk
STRCASE = 
EXPORT	= CCARGS='-I. -I../../include -DNO_NETINFO 		 -DUSE_TLS -I/AppleInternal/Library/BuildRoots/a0876c02-1788-11ed-b9c4-96898e02b808/Applications/Xcode.app/Contents/Developer/Platforms/MacOSX.platform/Developer/SDKs/MacOSX12.6.Internal.sdk/usr/local/libressl/include 		 -L/AppleInternal/Library/BuildRoots/a0876c02-1788-11ed-b9c4-96898e02b808/Applications/Xcode.app/Contents/Developer/Platforms/MacOSX.platform/Developer/SDKs/MacOSX12.6.Internal.sdk/usr/local/libressl/lib 		 -DUSE_CYRUS_SASL -DUSE_SASL_AUTH -I/AppleInternal/Library/BuildRoots/a0876c02-1788-11ed-b9c4-96898e02b808/Applications/Xcode.app/Contents/Developer/Platforms/MacOSX.platform/Developer/SDKs/MacOSX12.6.Internal.sdk/usr/include/sasl 		 -DEVENTS_STYLE=EVENTS_STYLE_KQUEUE 		 -DHAS_DEV_URANDOM -DUSE_SYSV_POLL -DHAS_PCRE -DHAS_LDAP 		 -F/AppleInternal/Library/BuildRoots/a0876c02-1788-11ed-b9c4-96898e02b808/Applications/Xcode.app/Contents/Developer/Platforms/MacOSX.platform/Developer/SDKs/MacOSX12.6.Internal.sdk/System/Library/Frameworks 		 -F/AppleInternal/Library/BuildRoots/a0876c02-1788-11ed-b9c4-96898e02b808/Applications/Xcode.app/Contents/Developer/Platforms/MacOSX.platform/Developer/SDKs/MacOSX12.6.Internal.sdk/System/Library/PrivateFrameworks 		 -arch arm64e -arch x86_64 -pipe -Wall -Wno-comment -Wformat -Wimplicit -Wmissing-prototypes -Wparentheses -Wstrict-prototypes -Wswitch -Wuninitialized -Wunused -Wno-missing-braces -Wno-deprecated -DBIND_8_COMPAT -DNO_NETINFO -DRESOLVE_H_NEEDS_ARPA_NAMESER_COMPAT_H -I/usr/local/include -DHAS_DEV_URANDOM -UUSE_DYNAMIC_LIBS -DDEF_SHLIB_DIR=\"no\" -UUSE_DYNAMIC_MAPS' OPT='-g -Os' DEBUG='-g'
WARN	= -Wall -Wno-comment -Wformat -Wimplicit -Wmissing-prototypes \
	-Wparentheses -Wstrict-prototypes -Wswitch -Wuninitialized \
	-Wunused -Wno-missing-braces
DEFINED_MAP_TYPES = dev_urandom pcre ldap
MAKE_FIX = 
# Switch between Postfix static and dynamically-linked libraries.
AR	= ar
RANLIB	= ranlib
LIB_PREFIX = 
LIB_SUFFIX = .a
SHLIB_CFLAGS = 
SHLIB_DIR = no
SHLIB_LD = :
SHLIB_SYSLIBS = 
SHLIB_RPATH = 
# Switch between dynamicmaps.cf plugins and hard-linked databases.
NON_PLUGIN_MAP_OBJ = $(MAP_OBJ)
PLUGIN_MAP_OBJ = 
PLUGIN_MAP_OBJ_UPDATE = 
PLUGIN_MAP_SO_MAKE = 
PLUGIN_MAP_SO_UPDATE = 
PLUGIN_LD = 
POSTFIX_INSTALL_OPTS = 
# Application-specific rules.
